<?xml version="1.0" encoding="UTF-8"?>
<testng-results ignored="0" total="1" passed="1" failed="0" skipped="0">
  <reporter-output>
  </reporter-output>
  <suite started-at="2022-10-17T11:06:48 IST" name="Default suite" finished-at="2022-10-17T11:06:58 IST" duration-ms="10589">
    <groups>
    </groups>
    <test started-at="2022-10-17T11:06:48 IST" name="Default test" finished-at="2022-10-17T11:06:58 IST" duration-ms="10589">
      <class name="CanvasTest.TestRunner">
        <test-method is-config="true" signature="LunchApplication()[pri:0, instance:CanvasTest.TestRunner@159f197]" started-at="2022-10-17T11:06:48 IST" name="LunchApplication" finished-at="2022-10-17T11:06:58 IST" duration-ms="10503" status="PASS">
          <reporter-output>
          </reporter-output>
        </test-method> <!-- LunchApplication -->
        <test-method signature="TestCase1()[pri:0, instance:CanvasTest.TestRunner@159f197]" started-at="2022-10-17T11:06:58 IST" name="TestCase1" finished-at="2022-10-17T11:06:58 IST" duration-ms="14" status="PASS">
          <reporter-output>
          </reporter-output>
        </test-method> <!-- TestCase1 -->
      </class> <!-- CanvasTest.TestRunner -->
    </test> <!-- Default test -->
  </suite> <!-- Default suite -->
</testng-results>
